{"C:\\Users\\iliesovni\\Desktop\\JXTP\\supdevinci\\M1 DEV 4-27\\cicd\\todo-api-node\\app.js": {"path":"C:\\Users\\iliesovni\\Desktop\\JXTP\\supdevinci\\M1 DEV 4-27\\cicd\\todo-api-node\\app.js","statementMap":{"0":{"start":{"line":1,"column":16},"end":{"line":1,"column":34}},"1":{"start":{"line":2,"column":19},"end":{"line":2,"column":43}},"2":{"start":{"line":3,"column":0},"end":{"line":3,"column":27}},"3":{"start":{"line":5,"column":19},"end":{"line":5,"column":41}},"4":{"start":{"line":6,"column":16},"end":{"line":6,"column":35}},"5":{"start":{"line":8,"column":12},"end":{"line":8,"column":21}},"6":{"start":{"line":9,"column":0},"end":{"line":9,"column":24}},"7":{"start":{"line":11,"column":0},"end":{"line":14,"column":3}},"8":{"start":{"line":12,"column":2},"end":{"line":12,"column":46}},"9":{"start":{"line":13,"column":2},"end":{"line":13,"column":69}},"10":{"start":{"line":17,"column":0},"end":{"line":19,"column":3}},"11":{"start":{"line":18,"column":2},"end":{"line":18,"column":71}},"12":{"start":{"line":21,"column":0},"end":{"line":21,"column":30}},"13":{"start":{"line":37,"column":13},"end":{"line":37,"column":37}},"14":{"start":{"line":41,"column":0},"end":{"line":43,"column":1}},"15":{"start":{"line":42,"column":2},"end":{"line":42,"column":84}},"16":{"start":{"line":42,"column":25},"end":{"line":42,"column":82}},"17":{"start":{"line":45,"column":0},"end":{"line":45,"column":21}}},"fnMap":{"0":{"name":"(anonymous_0)","decl":{"start":{"line":11,"column":13},"end":{"line":11,"column":14}},"loc":{"start":{"line":11,"column":28},"end":{"line":14,"column":1}},"line":11},"1":{"name":"(anonymous_1)","decl":{"start":{"line":17,"column":18},"end":{"line":17,"column":19}},"loc":{"start":{"line":17,"column":33},"end":{"line":19,"column":1}},"line":17},"2":{"name":"(anonymous_2)","decl":{"start":{"line":42,"column":19},"end":{"line":42,"column":20}},"loc":{"start":{"line":42,"column":25},"end":{"line":42,"column":82}},"line":42}},"branchMap":{"0":{"loc":{"start":{"line":37,"column":13},"end":{"line":37,"column":37}},"type":"binary-expr","locations":[{"start":{"line":37,"column":13},"end":{"line":37,"column":29}},{"start":{"line":37,"column":33},"end":{"line":37,"column":37}}],"line":37},"1":{"loc":{"start":{"line":41,"column":0},"end":{"line":43,"column":1}},"type":"if","locations":[{"start":{"line":41,"column":0},"end":{"line":43,"column":1}},{"start":{},"end":{}}],"line":41}},"s":{"0":2,"1":2,"2":2,"3":2,"4":2,"5":2,"6":2,"7":2,"8":1,"9":1,"10":2,"11":1,"12":2,"13":2,"14":2,"15":0,"16":0,"17":2},"f":{"0":1,"1":1,"2":0},"b":{"0":[2,2],"1":[0,2]},"_coverageSchema":"1a1c01bbd47fc00a2c39e90264f33305004495a9","hash":"cbfc4958b2cfeef79f92e668d1ddbaa82f7cbeca"}
,"C:\\Users\\iliesovni\\Desktop\\JXTP\\supdevinci\\M1 DEV 4-27\\cicd\\todo-api-node\\database\\database.js": {"path":"C:\\Users\\iliesovni\\Desktop\\JXTP\\supdevinci\\M1 DEV 4-27\\cicd\\todo-api-node\\database\\database.js","statementMap":{"0":{"start":{"line":2,"column":0},"end":{"line":2,"column":27}},"1":{"start":{"line":4,"column":18},"end":{"line":4,"column":35}},"2":{"start":{"line":5,"column":11},"end":{"line":5,"column":24}},"3":{"start":{"line":6,"column":13},"end":{"line":6,"column":28}},"4":{"start":{"line":8,"column":16},"end":{"line":8,"column":35}},"5":{"start":{"line":9,"column":20},"end":{"line":9,"column":43}},"6":{"start":{"line":14,"column":2},"end":{"line":14,"column":20}},"7":{"start":{"line":14,"column":10},"end":{"line":14,"column":20}},"8":{"start":{"line":15,"column":2},"end":{"line":15,"column":49}},"9":{"start":{"line":16,"column":14},"end":{"line":16,"column":31}},"10":{"start":{"line":17,"column":2},"end":{"line":22,"column":3}},"11":{"start":{"line":18,"column":19},"end":{"line":18,"column":43}},"12":{"start":{"line":19,"column":4},"end":{"line":19,"column":34}},"13":{"start":{"line":21,"column":4},"end":{"line":21,"column":28}},"14":{"start":{"line":23,"column":2},"end":{"line":30,"column":5}},"15":{"start":{"line":31,"column":2},"end":{"line":31,"column":12}},"16":{"start":{"line":35,"column":2},"end":{"line":39,"column":3}},"17":{"start":{"line":36,"column":4},"end":{"line":36,"column":42}},"18":{"start":{"line":37,"column":17},"end":{"line":37,"column":28}},"19":{"start":{"line":38,"column":4},"end":{"line":38,"column":49}},"20":{"start":{"line":42,"column":0},"end":{"line":42,"column":35}}},"fnMap":{"0":{"name":"getDb","decl":{"start":{"line":13,"column":15},"end":{"line":13,"column":20}},"loc":{"start":{"line":13,"column":23},"end":{"line":32,"column":1}},"line":13},"1":{"name":"saveDb","decl":{"start":{"line":34,"column":9},"end":{"line":34,"column":15}},"loc":{"start":{"line":34,"column":18},"end":{"line":40,"column":1}},"line":34}},"branchMap":{"0":{"loc":{"start":{"line":14,"column":2},"end":{"line":14,"column":20}},"type":"if","locations":[{"start":{"line":14,"column":2},"end":{"line":14,"column":20}},{"start":{},"end":{}}],"line":14},"1":{"loc":{"start":{"line":17,"column":2},"end":{"line":22,"column":3}},"type":"if","locations":[{"start":{"line":17,"column":2},"end":{"line":22,"column":3}},{"start":{"line":20,"column":9},"end":{"line":22,"column":3}}],"line":17},"2":{"loc":{"start":{"line":35,"column":2},"end":{"line":39,"column":3}},"type":"if","locations":[{"start":{"line":35,"column":2},"end":{"line":39,"column":3}},{"start":{},"end":{}}],"line":35}},"s":{"0":2,"1":2,"2":2,"3":2,"4":2,"5":2,"6":17,"7":15,"8":2,"9":2,"10":2,"11":0,"12":0,"13":2,"14":2,"15":2,"16":9,"17":9,"18":9,"19":9,"20":2},"f":{"0":17,"1":9},"b":{"0":[15,2],"1":[0,2],"2":[9,0]},"_coverageSchema":"1a1c01bbd47fc00a2c39e90264f33305004495a9","hash":"553c7ea7b776c5f218f980025c58f6897f3e6fe4"}
,"C:\\Users\\iliesovni\\Desktop\\JXTP\\supdevinci\\M1 DEV 4-27\\cicd\\todo-api-node\\routes\\todo.js": {"path":"C:\\Users\\iliesovni\\Desktop\\JXTP\\supdevinci\\M1 DEV 4-27\\cicd\\todo-api-node\\routes\\todo.js","statementMap":{"0":{"start":{"line":1,"column":19},"end":{"line":1,"column":37}},"1":{"start":{"line":2,"column":26},"end":{"line":2,"column":57}},"2":{"start":{"line":4,"column":15},"end":{"line":4,"column":23}},"3":{"start":{"line":7,"column":0},"end":{"line":20,"column":3}},"4":{"start":{"line":8,"column":60},"end":{"line":8,"column":68}},"5":{"start":{"line":9,"column":2},"end":{"line":11,"column":3}},"6":{"start":{"line":10,"column":4},"end":{"line":10,"column":65}},"7":{"start":{"line":12,"column":2},"end":{"line":12,"column":40}},"8":{"start":{"line":13,"column":13},"end":{"line":13,"column":26}},"9":{"start":{"line":14,"column":2},"end":{"line":14,"column":106}},"10":{"start":{"line":15,"column":13},"end":{"line":15,"column":72}},"11":{"start":{"line":16,"column":14},"end":{"line":16,"column":63}},"12":{"start":{"line":17,"column":2},"end":{"line":17,"column":11}},"13":{"start":{"line":18,"column":15},"end":{"line":18,"column":25}},"14":{"start":{"line":19,"column":2},"end":{"line":19,"column":29}},"15":{"start":{"line":23,"column":0},"end":{"line":31,"column":3}},"16":{"start":{"line":24,"column":15},"end":{"line":24,"column":44}},"17":{"start":{"line":25,"column":16},"end":{"line":25,"column":47}},"18":{"start":{"line":26,"column":13},"end":{"line":26,"column":26}},"19":{"start":{"line":27,"column":15},"end":{"line":27,"column":77}},"20":{"start":{"line":28,"column":10},"end":{"line":28,"column":23}},"21":{"start":{"line":29,"column":2},"end":{"line":29,"column":45}},"22":{"start":{"line":30,"column":2},"end":{"line":30,"column":14}},"23":{"start":{"line":34,"column":0},"end":{"line":39,"column":3}},"24":{"start":{"line":35,"column":13},"end":{"line":35,"column":26}},"25":{"start":{"line":36,"column":15},"end":{"line":36,"column":75}},"26":{"start":{"line":37,"column":2},"end":{"line":37,"column":104}},"27":{"start":{"line":37,"column":46},"end":{"line":37,"column":104}},"28":{"start":{"line":38,"column":2},"end":{"line":38,"column":24}},"29":{"start":{"line":42,"column":0},"end":{"line":56,"column":3}},"30":{"start":{"line":43,"column":13},"end":{"line":43,"column":26}},"31":{"start":{"line":44,"column":19},"end":{"line":44,"column":79}},"32":{"start":{"line":45,"column":2},"end":{"line":45,"column":112}},"33":{"start":{"line":45,"column":54},"end":{"line":45,"column":112}},"34":{"start":{"line":47,"column":14},"end":{"line":47,"column":29}},"35":{"start":{"line":48,"column":16},"end":{"line":48,"column":43}},"36":{"start":{"line":49,"column":22},"end":{"line":49,"column":61}},"37":{"start":{"line":50,"column":17},"end":{"line":50,"column":46}},"38":{"start":{"line":52,"column":2},"end":{"line":52,"column":126}},"39":{"start":{"line":53,"column":15},"end":{"line":53,"column":75}},"40":{"start":{"line":54,"column":2},"end":{"line":54,"column":11}},"41":{"start":{"line":55,"column":2},"end":{"line":55,"column":24}},"42":{"start":{"line":59,"column":0},"end":{"line":66,"column":3}},"43":{"start":{"line":60,"column":13},"end":{"line":60,"column":26}},"44":{"start":{"line":61,"column":19},"end":{"line":61,"column":79}},"45":{"start":{"line":62,"column":2},"end":{"line":62,"column":112}},"46":{"start":{"line":62,"column":54},"end":{"line":62,"column":112}},"47":{"start":{"line":63,"column":2},"end":{"line":63,"column":60}},"48":{"start":{"line":64,"column":2},"end":{"line":64,"column":11}},"49":{"start":{"line":65,"column":2},"end":{"line":65,"column":39}},"50":{"start":{"line":69,"column":0},"end":{"line":75,"column":3}},"51":{"start":{"line":70,"column":12},"end":{"line":70,"column":29}},"52":{"start":{"line":71,"column":13},"end":{"line":71,"column":26}},"53":{"start":{"line":73,"column":18},"end":{"line":73,"column":79}},"54":{"start":{"line":74,"column":2},"end":{"line":74,"column":29}},"55":{"start":{"line":79,"column":15},"end":{"line":79,"column":30}},"56":{"start":{"line":80,"column":15},"end":{"line":80,"column":32}},"57":{"start":{"line":81,"column":14},"end":{"line":81,"column":16}},"58":{"start":{"line":82,"column":2},"end":{"line":82,"column":45}},"59":{"start":{"line":82,"column":26},"end":{"line":82,"column":42}},"60":{"start":{"line":83,"column":2},"end":{"line":83,"column":13}},"61":{"start":{"line":87,"column":2},"end":{"line":87,"column":30}},"62":{"start":{"line":87,"column":20},"end":{"line":87,"column":30}},"63":{"start":{"line":88,"column":15},"end":{"line":88,"column":30}},"64":{"start":{"line":89,"column":2},"end":{"line":93,"column":5}},"65":{"start":{"line":90,"column":16},"end":{"line":90,"column":18}},"66":{"start":{"line":91,"column":4},"end":{"line":91,"column":47}},"67":{"start":{"line":91,"column":28},"end":{"line":91,"column":44}},"68":{"start":{"line":92,"column":4},"end":{"line":92,"column":15}},"69":{"start":{"line":97,"column":12},"end":{"line":97,"column":14}},"70":{"start":{"line":98,"column":2},"end":{"line":98,"column":22}},"71":{"start":{"line":99,"column":2},"end":{"line":99,"column":28}},"72":{"start":{"line":100,"column":2},"end":{"line":100,"column":40}},"73":{"start":{"line":101,"column":2},"end":{"line":101,"column":30}},"74":{"start":{"line":102,"column":2},"end":{"line":102,"column":13}},"75":{"start":{"line":106,"column":12},"end":{"line":106,"column":14}},"76":{"start":{"line":107,"column":2},"end":{"line":114,"column":3}},"77":{"start":{"line":107,"column":15},"end":{"line":107,"column":16}},"78":{"start":{"line":108,"column":15},"end":{"line":108,"column":17}},"79":{"start":{"line":109,"column":4},"end":{"line":109,"column":29}},"80":{"start":{"line":110,"column":4},"end":{"line":110,"column":35}},"81":{"start":{"line":111,"column":4},"end":{"line":111,"column":47}},"82":{"start":{"line":112,"column":4},"end":{"line":112,"column":37}},"83":{"start":{"line":113,"column":4},"end":{"line":113,"column":19}},"84":{"start":{"line":115,"column":2},"end":{"line":115,"column":13}},"85":{"start":{"line":118,"column":0},"end":{"line":118,"column":24}}},"fnMap":{"0":{"name":"(anonymous_0)","decl":{"start":{"line":7,"column":17},"end":{"line":7,"column":18}},"loc":{"start":{"line":7,"column":37},"end":{"line":20,"column":1}},"line":7},"1":{"name":"(anonymous_1)","decl":{"start":{"line":23,"column":16},"end":{"line":23,"column":17}},"loc":{"start":{"line":23,"column":36},"end":{"line":31,"column":1}},"line":23},"2":{"name":"(anonymous_2)","decl":{"start":{"line":34,"column":19},"end":{"line":34,"column":20}},"loc":{"start":{"line":34,"column":39},"end":{"line":39,"column":1}},"line":34},"3":{"name":"(anonymous_3)","decl":{"start":{"line":42,"column":19},"end":{"line":42,"column":20}},"loc":{"start":{"line":42,"column":39},"end":{"line":56,"column":1}},"line":42},"4":{"name":"(anonymous_4)","decl":{"start":{"line":59,"column":22},"end":{"line":59,"column":23}},"loc":{"start":{"line":59,"column":42},"end":{"line":66,"column":1}},"line":59},"5":{"name":"(anonymous_5)","decl":{"start":{"line":69,"column":26},"end":{"line":69,"column":27}},"loc":{"start":{"line":69,"column":46},"end":{"line":75,"column":1}},"line":69},"6":{"name":"toObj","decl":{"start":{"line":78,"column":9},"end":{"line":78,"column":14}},"loc":{"start":{"line":78,"column":21},"end":{"line":84,"column":1}},"line":78},"7":{"name":"(anonymous_7)","decl":{"start":{"line":82,"column":15},"end":{"line":82,"column":16}},"loc":{"start":{"line":82,"column":26},"end":{"line":82,"column":42}},"line":82},"8":{"name":"toArray","decl":{"start":{"line":86,"column":9},"end":{"line":86,"column":16}},"loc":{"start":{"line":86,"column":23},"end":{"line":94,"column":1}},"line":86},"9":{"name":"(anonymous_9)","decl":{"start":{"line":89,"column":28},"end":{"line":89,"column":29}},"loc":{"start":{"line":89,"column":38},"end":{"line":93,"column":3}},"line":89},"10":{"name":"(anonymous_10)","decl":{"start":{"line":91,"column":17},"end":{"line":91,"column":18}},"loc":{"start":{"line":91,"column":28},"end":{"line":91,"column":44}},"line":91},"11":{"name":"formatTodo","decl":{"start":{"line":96,"column":9},"end":{"line":96,"column":19}},"loc":{"start":{"line":96,"column":26},"end":{"line":103,"column":1}},"line":96},"12":{"name":"formatTodos","decl":{"start":{"line":105,"column":9},"end":{"line":105,"column":20}},"loc":{"start":{"line":105,"column":28},"end":{"line":116,"column":1}},"line":105}},"branchMap":{"0":{"loc":{"start":{"line":8,"column":17},"end":{"line":8,"column":35}},"type":"default-arg","locations":[{"start":{"line":8,"column":31},"end":{"line":8,"column":35}}],"line":8},"1":{"loc":{"start":{"line":8,"column":37},"end":{"line":8,"column":55}},"type":"default-arg","locations":[{"start":{"line":8,"column":46},"end":{"line":8,"column":55}}],"line":8},"2":{"loc":{"start":{"line":9,"column":2},"end":{"line":11,"column":3}},"type":"if","locations":[{"start":{"line":9,"column":2},"end":{"line":11,"column":3}},{"start":{},"end":{}}],"line":9},"3":{"loc":{"start":{"line":24,"column":15},"end":{"line":24,"column":44}},"type":"binary-expr","locations":[{"start":{"line":24,"column":15},"end":{"line":24,"column":39}},{"start":{"line":24,"column":43},"end":{"line":24,"column":44}}],"line":24},"4":{"loc":{"start":{"line":25,"column":16},"end":{"line":25,"column":47}},"type":"binary-expr","locations":[{"start":{"line":25,"column":16},"end":{"line":25,"column":41}},{"start":{"line":25,"column":45},"end":{"line":25,"column":47}}],"line":25},"5":{"loc":{"start":{"line":37,"column":2},"end":{"line":37,"column":104}},"type":"if","locations":[{"start":{"line":37,"column":2},"end":{"line":37,"column":104}},{"start":{},"end":{}}],"line":37},"6":{"loc":{"start":{"line":37,"column":6},"end":{"line":37,"column":44}},"type":"binary-expr","locations":[{"start":{"line":37,"column":6},"end":{"line":37,"column":18}},{"start":{"line":37,"column":22},"end":{"line":37,"column":44}}],"line":37},"7":{"loc":{"start":{"line":45,"column":2},"end":{"line":45,"column":112}},"type":"if","locations":[{"start":{"line":45,"column":2},"end":{"line":45,"column":112}},{"start":{},"end":{}}],"line":45},"8":{"loc":{"start":{"line":45,"column":6},"end":{"line":45,"column":52}},"type":"binary-expr","locations":[{"start":{"line":45,"column":6},"end":{"line":45,"column":22}},{"start":{"line":45,"column":26},"end":{"line":45,"column":52}}],"line":45},"9":{"loc":{"start":{"line":48,"column":16},"end":{"line":48,"column":43}},"type":"binary-expr","locations":[{"start":{"line":48,"column":16},"end":{"line":48,"column":30}},{"start":{"line":48,"column":34},"end":{"line":48,"column":43}}],"line":48},"10":{"loc":{"start":{"line":49,"column":22},"end":{"line":49,"column":61}},"type":"binary-expr","locations":[{"start":{"line":49,"column":22},"end":{"line":49,"column":42}},{"start":{"line":49,"column":46},"end":{"line":49,"column":61}}],"line":49},"11":{"loc":{"start":{"line":50,"column":17},"end":{"line":50,"column":46}},"type":"binary-expr","locations":[{"start":{"line":50,"column":17},"end":{"line":50,"column":32}},{"start":{"line":50,"column":36},"end":{"line":50,"column":46}}],"line":50},"12":{"loc":{"start":{"line":62,"column":2},"end":{"line":62,"column":112}},"type":"if","locations":[{"start":{"line":62,"column":2},"end":{"line":62,"column":112}},{"start":{},"end":{}}],"line":62},"13":{"loc":{"start":{"line":62,"column":6},"end":{"line":62,"column":52}},"type":"binary-expr","locations":[{"start":{"line":62,"column":6},"end":{"line":62,"column":22}},{"start":{"line":62,"column":26},"end":{"line":62,"column":52}}],"line":62},"14":{"loc":{"start":{"line":70,"column":12},"end":{"line":70,"column":29}},"type":"binary-expr","locations":[{"start":{"line":70,"column":12},"end":{"line":70,"column":23}},{"start":{"line":70,"column":27},"end":{"line":70,"column":29}}],"line":70},"15":{"loc":{"start":{"line":87,"column":2},"end":{"line":87,"column":30}},"type":"if","locations":[{"start":{"line":87,"column":2},"end":{"line":87,"column":30}},{"start":{},"end":{}}],"line":87}},"s":{"0":2,"1":2,"2":2,"3":2,"4":8,"5":8,"6":1,"7":7,"8":7,"9":7,"10":7,"11":7,"12":7,"13":7,"14":7,"15":2,"16":2,"17":2,"18":2,"19":2,"20":2,"21":2,"22":2,"23":2,"24":3,"25":3,"26":3,"27":1,"28":2,"29":2,"30":2,"31":2,"32":2,"33":1,"34":1,"35":1,"36":1,"37":1,"38":1,"39":1,"40":1,"41":1,"42":2,"43":2,"44":2,"45":2,"46":1,"47":1,"48":1,"49":1,"50":2,"51":1,"52":1,"53":1,"54":1,"55":11,"56":11,"57":11,"58":11,"59":44,"60":11,"61":3,"62":1,"63":2,"64":2,"65":4,"66":4,"67":16,"68":4,"69":0,"70":0,"71":0,"72":0,"73":0,"74":0,"75":0,"76":0,"77":0,"78":0,"79":0,"80":0,"81":0,"82":0,"83":0,"84":0,"85":2},"f":{"0":8,"1":2,"2":3,"3":2,"4":2,"5":1,"6":11,"7":44,"8":3,"9":4,"10":16,"11":0,"12":0},"b":{"0":[6],"1":[8],"2":[1,7],"3":[2,1],"4":[2,1],"5":[1,2],"6":[3,2],"7":[1,1],"8":[2,1],"9":[1,0],"10":[1,1],"11":[1,0],"12":[1,1],"13":[2,1],"14":[1,0],"15":[1,2]},"_coverageSchema":"1a1c01bbd47fc00a2c39e90264f33305004495a9","hash":"a860fb63b368bd4431aac87e295feb2680906b32"}
}
