TN:
SF:app.js
FN:11,(anonymous_0)
FN:17,(anonymous_1)
FN:42,(anonymous_2)
FNF:3
FNH:2
FNDA:1,(anonymous_0)
FNDA:1,(anonymous_1)
FNDA:0,(anonymous_2)
DA:1,2
DA:2,2
DA:3,2
DA:5,2
DA:6,2
DA:8,2
DA:9,2
DA:11,2
DA:12,1
DA:13,1
DA:17,2
DA:18,1
DA:21,2
DA:37,2
DA:41,2
DA:42,0
DA:45,2
LF:17
LH:16
BRDA:37,0,0,2
BRDA:37,0,1,2
BRDA:41,1,0,0
BRDA:41,1,1,2
BRF:4
BRH:3
end_of_record
TN:
SF:database\database.js
FN:13,getDb
FN:34,saveDb
FNF:2
FNH:2
FNDA:17,getDb
FNDA:9,saveDb
DA:2,2
DA:4,2
DA:5,2
DA:6,2
DA:8,2
DA:9,2
DA:14,17
DA:15,2
DA:16,2
DA:17,2
DA:18,0
DA:19,0
DA:21,2
DA:23,2
DA:31,2
DA:35,9
DA:36,9
DA:37,9
DA:38,9
DA:42,2
LF:20
LH:18
BRDA:14,0,0,15
BRDA:14,0,1,2
BRDA:17,1,0,0
BRDA:17,1,1,2
BRDA:35,2,0,9
BRDA:35,2,1,0
BRF:6
BRH:4
end_of_record
TN:
SF:routes\todo.js
FN:7,(anonymous_0)
FN:23,(anonymous_1)
FN:34,(anonymous_2)
FN:42,(anonymous_3)
FN:59,(anonymous_4)
FN:69,(anonymous_5)
FN:78,toObj
FN:82,(anonymous_7)
FN:86,toArray
FN:89,(anonymous_9)
FN:91,(anonymous_10)
FN:96,formatTodo
FN:105,formatTodos
FNF:13
FNH:11
FNDA:8,(anonymous_0)
FNDA:2,(anonymous_1)
FNDA:3,(anonymous_2)
FNDA:2,(anonymous_3)
FNDA:2,(anonymous_4)
FNDA:1,(anonymous_5)
FNDA:11,toObj
FNDA:44,(anonymous_7)
FNDA:3,toArray
FNDA:4,(anonymous_9)
FNDA:16,(anonymous_10)
FNDA:0,formatTodo
FNDA:0,formatTodos
DA:1,2
DA:2,2
DA:4,2
DA:7,2
DA:8,8
DA:9,8
DA:10,1
DA:12,7
DA:13,7
DA:14,7
DA:15,7
DA:16,7
DA:17,7
DA:18,7
DA:19,7
DA:23,2
DA:24,2
DA:25,2
DA:26,2
DA:27,2
DA:28,2
DA:29,2
DA:30,2
DA:34,2
DA:35,3
DA:36,3
DA:37,3
DA:38,2
DA:42,2
DA:43,2
DA:44,2
DA:45,2
DA:47,1
DA:48,1
DA:49,1
DA:50,1
DA:52,1
DA:53,1
DA:54,1
DA:55,1
DA:59,2
DA:60,2
DA:61,2
DA:62,2
DA:63,1
DA:64,1
DA:65,1
DA:69,2
DA:70,1
DA:71,1
DA:73,1
DA:74,1
DA:79,11
DA:80,11
DA:81,11
DA:82,44
DA:83,11
DA:87,3
DA:88,2
DA:89,2
DA:90,4
DA:91,16
DA:92,4
DA:97,0
DA:98,0
DA:99,0
DA:100,0
DA:101,0
DA:102,0
DA:106,0
DA:107,0
DA:108,0
DA:109,0
DA:110,0
DA:111,0
DA:112,0
DA:113,0
DA:115,0
DA:118,2
LF:79
LH:64
BRDA:8,0,0,6
BRDA:8,1,0,8
BRDA:9,2,0,1
BRDA:9,2,1,7
BRDA:24,3,0,2
BRDA:24,3,1,1
BRDA:25,4,0,2
BRDA:25,4,1,1
BRDA:37,5,0,1
BRDA:37,5,1,2
BRDA:37,6,0,3
BRDA:37,6,1,2
BRDA:45,7,0,1
BRDA:45,7,1,1
BRDA:45,8,0,2
BRDA:45,8,1,1
BRDA:48,9,0,1
BRDA:48,9,1,0
BRDA:49,10,0,1
BRDA:49,10,1,1
BRDA:50,11,0,1
BRDA:50,11,1,0
BRDA:62,12,0,1
BRDA:62,12,1,1
BRDA:62,13,0,2
BRDA:62,13,1,1
BRDA:70,14,0,1
BRDA:70,14,1,0
BRDA:87,15,0,1
BRDA:87,15,1,2
BRF:30
BRH:27
end_of_record
