TN:
SF:app.js
FN:11,(anonymous_0)
FN:17,(anonymous_1)
FN:42,(anonymous_2)
FNF:3
FNH:0
FNDA:0,(anonymous_0)
FNDA:0,(anonymous_1)
FNDA:0,(anonymous_2)
DA:1,1
DA:2,1
DA:3,1
DA:5,1
DA:6,1
DA:8,1
DA:9,1
DA:11,1
DA:12,0
DA:13,0
DA:17,1
DA:18,0
DA:21,1
DA:37,1
DA:41,1
DA:42,0
DA:45,1
LF:17
LH:13
BRDA:37,0,0,1
BRDA:37,0,1,1
BRDA:41,1,0,0
BRDA:41,1,1,1
BRF:4
BRH:3
end_of_record
TN:
SF:database\database.js
FN:13,getDb
FN:34,saveDb
FNF:2
FNH:2
FNDA:5,getDb
FNDA:3,saveDb
DA:2,1
DA:4,1
DA:5,1
DA:6,1
DA:8,1
DA:9,1
DA:14,5
DA:15,1
DA:16,1
DA:17,1
DA:18,0
DA:19,0
DA:21,1
DA:23,1
DA:31,1
DA:35,3
DA:36,3
DA:37,3
DA:38,3
DA:42,1
LF:20
LH:18
BRDA:14,0,0,4
BRDA:14,0,1,1
BRDA:17,1,0,0
BRDA:17,1,1,1
BRDA:35,2,0,3
BRDA:35,2,1,0
BRF:6
BRH:4
end_of_record
TN:
SF:routes\todo.js
FN:7,(anonymous_0)
FN:23,(anonymous_1)
FN:34,(anonymous_2)
FN:42,(anonymous_3)
FN:59,(anonymous_4)
FN:69,(anonymous_5)
FN:78,toObj
FN:82,(anonymous_7)
FN:86,toArray
FN:89,(anonymous_9)
FN:91,(anonymous_10)
FN:96,formatTodo
FN:105,formatTodos
FNF:13
FNH:8
FNDA:3,(anonymous_0)
FNDA:0,(anonymous_1)
FNDA:1,(anonymous_2)
FNDA:0,(anonymous_3)
FNDA:0,(anonymous_4)
FNDA:1,(anonymous_5)
FNDA:4,toObj
FNDA:16,(anonymous_7)
FNDA:1,toArray
FNDA:2,(anonymous_9)
FNDA:8,(anonymous_10)
FNDA:0,formatTodo
FNDA:0,formatTodos
DA:1,1
DA:2,1
DA:4,1
DA:7,1
DA:8,3
DA:9,3
DA:10,0
DA:12,3
DA:13,3
DA:14,3
DA:15,3
DA:16,3
DA:17,3
DA:18,3
DA:19,3
DA:23,1
DA:24,0
DA:25,0
DA:26,0
DA:27,0
DA:28,0
DA:29,0
DA:30,0
DA:34,1
DA:35,1
DA:36,1
DA:37,1
DA:38,1
DA:42,1
DA:43,0
DA:44,0
DA:45,0
DA:47,0
DA:48,0
DA:49,0
DA:50,0
DA:52,0
DA:53,0
DA:54,0
DA:55,0
DA:59,1
DA:60,0
DA:61,0
DA:62,0
DA:63,0
DA:64,0
DA:65,0
DA:69,1
DA:70,1
DA:71,1
DA:73,1
DA:74,1
DA:79,4
DA:80,4
DA:81,4
DA:82,16
DA:83,4
DA:87,1
DA:88,1
DA:89,1
DA:90,2
DA:91,8
DA:92,2
DA:97,0
DA:98,0
DA:99,0
DA:100,0
DA:101,0
DA:102,0
DA:106,0
DA:107,0
DA:108,0
DA:109,0
DA:110,0
DA:111,0
DA:112,0
DA:113,0
DA:115,0
DA:118,1
LF:79
LH:39
BRDA:8,0,0,2
BRDA:8,1,0,3
BRDA:9,2,0,0
BRDA:9,2,1,3
BRDA:24,3,0,0
BRDA:24,3,1,0
BRDA:25,4,0,0
BRDA:25,4,1,0
BRDA:37,5,0,0
BRDA:37,5,1,1
BRDA:37,6,0,1
BRDA:37,6,1,1
BRDA:45,7,0,0
BRDA:45,7,1,0
BRDA:45,8,0,0
BRDA:45,8,1,0
BRDA:48,9,0,0
BRDA:48,9,1,0
BRDA:49,10,0,0
BRDA:49,10,1,0
BRDA:50,11,0,0
BRDA:50,11,1,0
BRDA:62,12,0,0
BRDA:62,12,1,0
BRDA:62,13,0,0
BRDA:62,13,1,0
BRDA:70,14,0,1
BRDA:70,14,1,0
BRDA:87,15,0,0
BRDA:87,15,1,1
BRF:30
BRH:8
end_of_record
